Arguments: 
  C:\Program Files\nodejs\node.exe F:\yarn\bin\yarn.js add --dev babel-cli babel-preset-flow

PATH: 
  C:\Program Files (x86)\Intel\iCLS Client\;C:\Program Files\Intel\iCLS Client\;C:\Windows\system32;C:\Windows;C:\Windows\System32\Wbem;C:\Windows\System32\WindowsPowerShell\v1.0\;C:\Program Files (x86)\Intel\Intel(R) Management Engine Components\DAL;C:\Program Files\Intel\Intel(R) Management Engine Components\DAL;C:\Program Files (x86)\Intel\Intel(R) Management Engine Components\IPT;C:\Program Files\Intel\Intel(R) Management Engine Components\IPT;C:\Program Files (x86)\NVIDIA Corporation\PhysX\Common;C:\WINDOWS\system32\config\systemprofile\.dnx\bin;C:\Program Files\Microsoft DNX\Dnvm\;C:\Program Files\Microsoft\Web Platform Installer\;D:\java\bin;C:\Program Files\TortoiseSVN\bin;C:\Program Files\MySQL\MySQL Server 5.1\bin;C:\Program Files\Git\cmd;F:\mongodb\bin;C:\Program Files\Microsoft SQL Server\110\Tools\Binn\;C:\WINDOWS\system32;C:\WINDOWS;C:\WINDOWS\System32\Wbem;C:\WINDOWS\System32\WindowsPowerShell\v1.0\;C:\Program Files\TortoiseGit\bin;F:\Android\Android\sdk\platform-tools;C:\Program Files\nodejs\;F:\yarn\bin;C:\Python27;C:\Users\Mr.Wei\AppData\Local\Microsoft\WindowsApps;F:\VSCode\Microsoft VS Code\bin;C:\Users\Mr.Wei\AppData\Roaming\npm;C:\Users\Mr.Wei\AppData\Local\atom\bin;C:\Users\Mr.Wei\AppData\Local\Yarn\.bin

Yarn version: 
  0.22.0

Node version: 
  6.9.1

Platform: 
  win32 x64

npm manifest: 
  {
    "name": "jest-demo",
    "version": "1.0.0",
    "description": "",
    "dependencies": {
      "react": "^15.6.1",
      "react-dom": "^15.6.1",
      "react-redux": "^5.0.5",
      "redux": "^3.7.2",
      "webpack": "^3.4.1"
    },
    "devDependencies": {
      "babel-jest": "^20.0.3",
      "babel-preset-es2015": "^6.24.1",
      "babel-preset-react": "^6.24.1",
      "flow-bin": "^0.52.0",
      "jest": "^20.0.4",
      "react-test-renderer": "^15.6.1"
    },
    "scripts": {
      "test": "jest"
    },
    "author": "",
    "license": "ISC"
  }

yarn manifest: 
  No manifest

Lockfile: 
  No lockfile

Trace: 
  Error: connect ETIMEDOUT 104.16.61.173:443
      at Object.exports._errnoException (util.js:1026:11)
      at exports._exceptionWithHostPort (util.js:1049:20)
      at TCPConnectWrap.afterConnect [as oncomplete] (net.js:1085:14)
